2018-05-13 18:50:29,681 [INFO] [main] io.renren.AdminApplication [Jdk14Logger.java : 99] Starting AdminApplication on zhoujy-PC with PID 17496 (H:\workspace-sts-3.9.4.RELEASE\renren-security\renren-admin\target\classes started by zhoujy3016 in H:\workspace-sts-3.9.4.RELEASE\renren-security)
2018-05-13 18:50:29,701 [DEBUG] [main] io.renren.AdminApplication [Jdk14Logger.java : 99] Running with Spring Boot v2.0.1.RELEASE, Spring v5.0.5.RELEASE
2018-05-13 18:50:29,702 [INFO] [main] io.renren.AdminApplication [Jdk14Logger.java : 99] The following profiles are active: dev
2018-05-13 18:50:30,030 [INFO] [main] o.s.b.w.s.c.AnnotationConfigServletWebServerApplicationContext [Jdk14Logger.java : 99] Refreshing org.springframework.boot.web.servlet.context.AnnotationConfigServletWebServerApplicationContext@7748410a: startup date [Sun May 13 18:50:30 CST 2018]; root of context hierarchy
2018-05-13 18:50:32,182 [INFO] [main] o.s.data.repository.config.RepositoryConfigurationDelegate [RepositoryConfigurationDelegate.java : 163] Multiple Spring Data modules found, entering strict repository configuration mode!
2018-05-13 18:50:32,777 [INFO] [main] o.s.c.s.PostProcessorRegistrationDelegate$BeanPostProcessorChecker [Jdk14Logger.java : 99] Bean 'shiroConfig' of type [io.renren.common.config.ShiroConfig$$EnhancerBySpringCGLIB$$c312d288] is not eligible for getting processed by all BeanPostProcessors (for example: not eligible for auto-proxying)
2018-05-13 18:50:32,874 [INFO] [main] o.s.c.s.PostProcessorRegistrationDelegate$BeanPostProcessorChecker [Jdk14Logger.java : 99] Bean 'org.springframework.boot.context.properties.ConversionServiceDeducer$Factory' of type [org.springframework.boot.context.properties.ConversionServiceDeducer$Factory] is not eligible for getting processed by all BeanPostProcessors (for example: not eligible for auto-proxying)
2018-05-13 18:50:32,986 [INFO] [main] o.s.c.s.PostProcessorRegistrationDelegate$BeanPostProcessorChecker [Jdk14Logger.java : 99] Bean 'mybatis-plus-com.baomidou.mybatisplus.spring.boot.starter.MybatisPlusProperties' of type [com.baomidou.mybatisplus.spring.boot.starter.MybatisPlusProperties] is not eligible for getting processed by all BeanPostProcessors (for example: not eligible for auto-proxying)
2018-05-13 18:50:33,001 [INFO] [main] o.s.c.s.PostProcessorRegistrationDelegate$BeanPostProcessorChecker [Jdk14Logger.java : 99] Bean 'mybatisPlusConfig' of type [io.renren.common.config.MybatisPlusConfig$$EnhancerBySpringCGLIB$$6e95e464] is not eligible for getting processed by all BeanPostProcessors (for example: not eligible for auto-proxying)
2018-05-13 18:50:33,016 [INFO] [main] o.s.c.s.PostProcessorRegistrationDelegate$BeanPostProcessorChecker [Jdk14Logger.java : 99] Bean 'paginationInterceptor' of type [com.baomidou.mybatisplus.plugins.PaginationInterceptor] is not eligible for getting processed by all BeanPostProcessors (for example: not eligible for auto-proxying)
2018-05-13 18:50:33,025 [INFO] [main] o.s.c.s.PostProcessorRegistrationDelegate$BeanPostProcessorChecker [Jdk14Logger.java : 99] Bean 'com.baomidou.mybatisplus.spring.boot.starter.MybatisPlusAutoConfiguration' of type [com.baomidou.mybatisplus.spring.boot.starter.MybatisPlusAutoConfiguration$$EnhancerBySpringCGLIB$$6aa736dc] is not eligible for getting processed by all BeanPostProcessors (for example: not eligible for auto-proxying)
2018-05-13 18:50:33,030 [INFO] [main] o.s.c.s.PostProcessorRegistrationDelegate$BeanPostProcessorChecker [Jdk14Logger.java : 99] Bean 'dynamicDataSourceConfig' of type [io.renren.datasources.DynamicDataSourceConfig$$EnhancerBySpringCGLIB$$e4e93604] is not eligible for getting processed by all BeanPostProcessors (for example: not eligible for auto-proxying)
2018-05-13 18:50:33,102 [INFO] [main] o.s.c.s.PostProcessorRegistrationDelegate$BeanPostProcessorChecker [Jdk14Logger.java : 99] Bean 'spring.datasource-org.springframework.boot.autoconfigure.jdbc.DataSourceProperties' of type [org.springframework.boot.autoconfigure.jdbc.DataSourceProperties] is not eligible for getting processed by all BeanPostProcessors (for example: not eligible for auto-proxying)
2018-05-13 18:50:33,114 [INFO] [main] o.s.c.s.PostProcessorRegistrationDelegate$BeanPostProcessorChecker [Jdk14Logger.java : 99] Bean 'com.alibaba.druid.spring.boot.autoconfigure.stat.DruidFilterConfiguration' of type [com.alibaba.druid.spring.boot.autoconfigure.stat.DruidFilterConfiguration] is not eligible for getting processed by all BeanPostProcessors (for example: not eligible for auto-proxying)
2018-05-13 18:50:33,168 [INFO] [main] o.s.c.s.PostProcessorRegistrationDelegate$BeanPostProcessorChecker [Jdk14Logger.java : 99] Bean 'statFilter' of type [com.alibaba.druid.filter.stat.StatFilter] is not eligible for getting processed by all BeanPostProcessors (for example: not eligible for auto-proxying)
2018-05-13 18:50:33,252 [INFO] [main] o.s.c.s.PostProcessorRegistrationDelegate$BeanPostProcessorChecker [Jdk14Logger.java : 99] Bean 'firstDataSource' of type [com.alibaba.druid.spring.boot.autoconfigure.DruidDataSourceWrapper] is not eligible for getting processed by all BeanPostProcessors (for example: not eligible for auto-proxying)
2018-05-13 18:50:33,306 [INFO] [main] o.s.c.s.PostProcessorRegistrationDelegate$BeanPostProcessorChecker [Jdk14Logger.java : 99] Bean 'secondDataSource' of type [com.alibaba.druid.spring.boot.autoconfigure.DruidDataSourceWrapper] is not eligible for getting processed by all BeanPostProcessors (for example: not eligible for auto-proxying)
2018-05-13 18:50:33,315 [INFO] [main] o.s.c.s.PostProcessorRegistrationDelegate$BeanPostProcessorChecker [Jdk14Logger.java : 99] Bean 'dataSource' of type [io.renren.datasources.DynamicDataSource] is not eligible for getting processed by all BeanPostProcessors (for example: not eligible for auto-proxying)
2018-05-13 18:50:33,395 [INFO] [main] com.alibaba.druid.pool.DruidDataSource [DruidDataSource.java : 928] {dataSource-1} inited
2018-05-13 18:50:34,219 [INFO] [main] o.s.c.s.PostProcessorRegistrationDelegate$BeanPostProcessorChecker [Jdk14Logger.java : 99] Bean 'sqlSessionFactory' of type [org.apache.ibatis.session.defaults.DefaultSqlSessionFactory] is not eligible for getting processed by all BeanPostProcessors (for example: not eligible for auto-proxying)
2018-05-13 18:50:34,229 [INFO] [main] o.s.c.s.PostProcessorRegistrationDelegate$BeanPostProcessorChecker [Jdk14Logger.java : 99] Bean 'sqlSessionTemplate' of type [org.mybatis.spring.SqlSessionTemplate] is not eligible for getting processed by all BeanPostProcessors (for example: not eligible for auto-proxying)
2018-05-13 18:50:34,230 [INFO] [main] o.s.c.s.PostProcessorRegistrationDelegate$BeanPostProcessorChecker [Jdk14Logger.java : 99] Bean 'sysUserDao' of type [org.mybatis.spring.mapper.MapperFactoryBean] is not eligible for getting processed by all BeanPostProcessors (for example: not eligible for auto-proxying)
2018-05-13 18:50:34,232 [INFO] [main] o.s.c.s.PostProcessorRegistrationDelegate$BeanPostProcessorChecker [Jdk14Logger.java : 99] Bean 'sysUserDao' of type [com.sun.proxy.$Proxy74] is not eligible for getting processed by all BeanPostProcessors (for example: not eligible for auto-proxying)
2018-05-13 18:50:34,243 [INFO] [main] o.s.c.s.PostProcessorRegistrationDelegate$BeanPostProcessorChecker [Jdk14Logger.java : 99] Bean 'sysMenuDao' of type [org.mybatis.spring.mapper.MapperFactoryBean] is not eligible for getting processed by all BeanPostProcessors (for example: not eligible for auto-proxying)
2018-05-13 18:50:34,244 [INFO] [main] o.s.c.s.PostProcessorRegistrationDelegate$BeanPostProcessorChecker [Jdk14Logger.java : 99] Bean 'sysMenuDao' of type [com.sun.proxy.$Proxy75] is not eligible for getting processed by all BeanPostProcessors (for example: not eligible for auto-proxying)
2018-05-13 18:50:34,245 [INFO] [main] o.s.c.s.PostProcessorRegistrationDelegate$BeanPostProcessorChecker [Jdk14Logger.java : 99] Bean 'userRealm' of type [io.renren.modules.sys.shiro.UserRealm] is not eligible for getting processed by all BeanPostProcessors (for example: not eligible for auto-proxying)
2018-05-13 18:50:34,271 [INFO] [main] o.s.c.s.PostProcessorRegistrationDelegate$BeanPostProcessorChecker [Jdk14Logger.java : 99] Bean 'spring.redis-org.springframework.boot.autoconfigure.data.redis.RedisProperties' of type [org.springframework.boot.autoconfigure.data.redis.RedisProperties] is not eligible for getting processed by all BeanPostProcessors (for example: not eligible for auto-proxying)
2018-05-13 18:50:34,280 [INFO] [main] o.s.c.s.PostProcessorRegistrationDelegate$BeanPostProcessorChecker [Jdk14Logger.java : 99] Bean 'org.springframework.boot.autoconfigure.data.redis.LettuceConnectionConfiguration' of type [org.springframework.boot.autoconfigure.data.redis.LettuceConnectionConfiguration$$EnhancerBySpringCGLIB$$322156c9] is not eligible for getting processed by all BeanPostProcessors (for example: not eligible for auto-proxying)
2018-05-13 18:50:34,408 [INFO] [main] o.s.c.s.PostProcessorRegistrationDelegate$BeanPostProcessorChecker [Jdk14Logger.java : 99] Bean 'lettuceClientResources' of type [io.lettuce.core.resource.DefaultClientResources] is not eligible for getting processed by all BeanPostProcessors (for example: not eligible for auto-proxying)
2018-05-13 18:50:34,528 [INFO] [main] o.s.c.s.PostProcessorRegistrationDelegate$BeanPostProcessorChecker [Jdk14Logger.java : 99] Bean 'redisConnectionFactory' of type [org.springframework.data.redis.connection.lettuce.LettuceConnectionFactory] is not eligible for getting processed by all BeanPostProcessors (for example: not eligible for auto-proxying)
2018-05-13 18:50:34,529 [INFO] [main] o.s.c.s.PostProcessorRegistrationDelegate$BeanPostProcessorChecker [Jdk14Logger.java : 99] Bean 'redisConfig' of type [io.renren.common.config.RedisConfig$$EnhancerBySpringCGLIB$$de159d2] is not eligible for getting processed by all BeanPostProcessors (for example: not eligible for auto-proxying)
2018-05-13 18:50:34,587 [INFO] [main] o.s.c.s.PostProcessorRegistrationDelegate$BeanPostProcessorChecker [Jdk14Logger.java : 99] Bean 'redisTemplate' of type [org.springframework.data.redis.core.RedisTemplate] is not eligible for getting processed by all BeanPostProcessors (for example: not eligible for auto-proxying)
2018-05-13 18:50:34,588 [INFO] [main] o.s.c.s.PostProcessorRegistrationDelegate$BeanPostProcessorChecker [Jdk14Logger.java : 99] Bean 'redisShiroSessionDAO' of type [io.renren.modules.sys.shiro.RedisShiroSessionDAO] is not eligible for getting processed by all BeanPostProcessors (for example: not eligible for auto-proxying)
2018-05-13 18:50:34,625 [INFO] [main] o.s.c.s.PostProcessorRegistrationDelegate$BeanPostProcessorChecker [Jdk14Logger.java : 99] Bean 'sessionManager' of type [org.apache.shiro.web.session.mgt.DefaultWebSessionManager] is not eligible for getting processed by all BeanPostProcessors (for example: not eligible for auto-proxying)
2018-05-13 18:50:35,201 [INFO] [main] o.s.c.s.PostProcessorRegistrationDelegate$BeanPostProcessorChecker [Jdk14Logger.java : 99] Bean 'securityManager' of type [org.apache.shiro.web.mgt.DefaultWebSecurityManager] is not eligible for getting processed by all BeanPostProcessors (for example: not eligible for auto-proxying)
2018-05-13 18:50:35,287 [INFO] [main] o.s.c.s.PostProcessorRegistrationDelegate$BeanPostProcessorChecker [Jdk14Logger.java : 99] Bean 'authorizationAttributeSourceAdvisor' of type [org.apache.shiro.spring.security.interceptor.AuthorizationAttributeSourceAdvisor] is not eligible for getting processed by all BeanPostProcessors (for example: not eligible for auto-proxying)
2018-05-13 18:50:35,350 [INFO] [main] o.s.c.s.PostProcessorRegistrationDelegate$BeanPostProcessorChecker [Jdk14Logger.java : 99] Bean 'org.springframework.transaction.annotation.ProxyTransactionManagementConfiguration' of type [org.springframework.transaction.annotation.ProxyTransactionManagementConfiguration$$EnhancerBySpringCGLIB$$1d07987f] is not eligible for getting processed by all BeanPostProcessors (for example: not eligible for auto-proxying)
2018-05-13 18:50:35,996 [INFO] [main] org.springframework.boot.web.embedded.tomcat.TomcatWebServer [Jdk14Logger.java : 99] Tomcat initialized with port(s): 8080 (http)
2018-05-13 18:50:36,024 [INFO] [main] org.apache.catalina.core.StandardService [DirectJDKLog.java : 180] Starting service [Tomcat]
2018-05-13 18:50:36,025 [INFO] [main] org.apache.catalina.core.StandardEngine [DirectJDKLog.java : 180] Starting Servlet Engine: Apache Tomcat/8.5.29
2018-05-13 18:50:36,030 [INFO] [localhost-startStop-1] org.apache.catalina.core.AprLifecycleListener [DirectJDKLog.java : 180] The APR based Apache Tomcat Native library which allows optimal performance in production environments was not found on the java.library.path: [C:\Program Files\Java\jdk1.8.0_171\bin;C:\WINDOWS\Sun\Java\bin;C:\WINDOWS\system32;C:\WINDOWS;C:\Program Files (x86)\Common Files\Oracle\Java\javapath;C:\Program Files (x86)\NVIDIA Corporation\PhysX\Common;C:\Program Files (x86)\Intel\iCLS Client\;C:\Program Files\Intel\iCLS Client\;C:\WINDOWS\system32;C:\WINDOWS;C:\WINDOWS\System32\Wbem;C:\WINDOWS\System32\WindowsPowerShell\v1.0\;C:\Program Files (x86)\AMD\ATI.ACE\Core-Static;C:\Program Files (x86)\Intel\Intel(R) Management Engine Components\DAL;C:\Program Files\Intel\Intel(R) Management Engine Components\DAL;C:\Program Files (x86)\Intel\Intel(R) Management Engine Components\IPT;C:\Program Files\Intel\Intel(R) Management Engine Components\IPT;C:\Program Files (x86)\ATI Technologies\ATI.ACE\Core-Static;C:\Program Files (x86)\Common Files\Thunder Network\KanKan\Codecs;C:\Program Files\MySQL\MySQL Utilities 1.6\;C:\Users\zhoujy3016\AppData\Local\Microsoft\WindowsApps;;.]
2018-05-13 18:50:36,304 [INFO] [localhost-startStop-1] o.a.c.c.ContainerBase.[Tomcat].[localhost].[/renren-admin] [DirectJDKLog.java : 180] Initializing Spring embedded WebApplicationContext
2018-05-13 18:50:36,305 [INFO] [localhost-startStop-1] org.springframework.web.context.ContextLoader [Jdk14Logger.java : 99] Root WebApplicationContext: initialization completed in 6276 ms
2018-05-13 18:50:36,669 [INFO] [localhost-startStop-1] org.springframework.boot.web.servlet.FilterRegistrationBean [Jdk14Logger.java : 99] Mapping filter: 'characterEncodingFilter' to: [/*]
2018-05-13 18:50:36,670 [INFO] [localhost-startStop-1] org.springframework.boot.web.servlet.FilterRegistrationBean [Jdk14Logger.java : 99] Mapping filter: 'hiddenHttpMethodFilter' to: [/*]
2018-05-13 18:50:36,670 [INFO] [localhost-startStop-1] org.springframework.boot.web.servlet.FilterRegistrationBean [Jdk14Logger.java : 99] Mapping filter: 'httpPutFormContentFilter' to: [/*]
2018-05-13 18:50:36,670 [INFO] [localhost-startStop-1] org.springframework.boot.web.servlet.FilterRegistrationBean [Jdk14Logger.java : 99] Mapping filter: 'requestContextFilter' to: [/*]
2018-05-13 18:50:36,671 [INFO] [localhost-startStop-1] org.springframework.boot.web.servlet.FilterRegistrationBean [Jdk14Logger.java : 99] Mapping filter: 'delegatingFilterProxy' to urls: [/*]
2018-05-13 18:50:36,671 [INFO] [localhost-startStop-1] org.springframework.boot.web.servlet.FilterRegistrationBean [Jdk14Logger.java : 99] Mapping filter: 'xssFilter' to urls: [/*]
2018-05-13 18:50:36,671 [INFO] [localhost-startStop-1] org.springframework.boot.web.servlet.FilterRegistrationBean [Jdk14Logger.java : 99] Mapping filter: 'webStatFilter' to urls: [/*]
2018-05-13 18:50:36,671 [INFO] [localhost-startStop-1] org.springframework.boot.web.servlet.FilterRegistrationBean [Jdk14Logger.java : 99] Mapping filter: 'shiroFilter' to: [/*]
2018-05-13 18:50:36,672 [INFO] [localhost-startStop-1] org.springframework.boot.web.servlet.ServletRegistrationBean [Jdk14Logger.java : 99] Servlet dispatcherServlet mapped to [/]
2018-05-13 18:50:36,673 [INFO] [localhost-startStop-1] org.springframework.boot.web.servlet.ServletRegistrationBean [Jdk14Logger.java : 99] Servlet statViewServlet mapped to [/druid/*]
2018-05-13 18:50:37,120 [INFO] [main] org.quartz.impl.StdSchedulerFactory [StdSchedulerFactory.java : 1208] Using default implementation for ThreadExecutor
2018-05-13 18:50:37,136 [INFO] [main] org.quartz.core.SchedulerSignalerImpl [SchedulerSignalerImpl.java : 61] Initialized Scheduler Signaller of type: class org.quartz.core.SchedulerSignalerImpl
2018-05-13 18:50:37,136 [INFO] [main] org.quartz.core.QuartzScheduler [QuartzScheduler.java : 229] Quartz Scheduler v.2.3.0 created.
2018-05-13 18:50:37,141 [INFO] [main] o.springframework.scheduling.quartz.LocalDataSourceJobStore [JobStoreSupport.java : 672] Using db table-based data access locking (synchronization).
2018-05-13 18:50:37,142 [INFO] [main] o.springframework.scheduling.quartz.LocalDataSourceJobStore [JobStoreCMT.java : 145] JobStoreCMT initialized.
2018-05-13 18:50:37,143 [INFO] [main] org.quartz.core.QuartzScheduler [QuartzScheduler.java : 294] Scheduler meta-data: Quartz Scheduler (v2.3.0) 'RenrenScheduler' with instanceId 'zhoujy-PC1526208637123'
  Scheduler class: 'org.quartz.core.QuartzScheduler' - running locally.
  NOT STARTED.
  Currently in standby mode.
  Number of jobs executed: 0
  Using thread pool 'org.quartz.simpl.SimpleThreadPool' - with 20 threads.
  Using job-store 'org.springframework.scheduling.quartz.LocalDataSourceJobStore' - which supports persistence. and is clustered.

2018-05-13 18:50:37,143 [INFO] [main] org.quartz.impl.StdSchedulerFactory [StdSchedulerFactory.java : 1362] Quartz scheduler 'RenrenScheduler' initialized from an externally provided properties instance.
2018-05-13 18:50:37,144 [INFO] [main] org.quartz.impl.StdSchedulerFactory [StdSchedulerFactory.java : 1366] Quartz scheduler version: 2.3.0
2018-05-13 18:50:37,145 [INFO] [main] org.quartz.core.QuartzScheduler [QuartzScheduler.java : 2287] JobFactory set to: org.springframework.scheduling.quartz.AdaptableJobFactory@3bb9ca38
2018-05-13 18:50:37,204 [DEBUG] [main] io.renren.modules.job.dao.ScheduleJobDao.selectList [BaseJdbcLogger.java : 159] ==>  Preparing: SELECT job_id AS jobId,bean_name AS beanName,method_name AS methodName,params,cron_expression AS cronExpression,`status`,remark,create_time AS createTime FROM schedule_job 
2018-05-13 18:50:37,223 [DEBUG] [main] io.renren.modules.job.dao.ScheduleJobDao.selectList [BaseJdbcLogger.java : 159] ==> Parameters: 
2018-05-13 18:50:37,241 [DEBUG] [main] io.renren.modules.job.dao.ScheduleJobDao.selectList [BaseJdbcLogger.java : 159] <==      Total: 2
2018-05-13 18:50:38,585 [INFO] [main] o.s.w.s.mvc.method.annotation.RequestMappingHandlerMapping [Jdk14Logger.java : 99] Mapped "{[/sys/schedule/run]}" onto public io.renren.common.utils.R io.renren.modules.job.controller.ScheduleJobController.run(java.lang.Long[])
2018-05-13 18:50:38,587 [INFO] [main] o.s.w.s.mvc.method.annotation.RequestMappingHandlerMapping [Jdk14Logger.java : 99] Mapped "{[/sys/schedule/update]}" onto public io.renren.common.utils.R io.renren.modules.job.controller.ScheduleJobController.update(io.renren.modules.job.entity.ScheduleJobEntity)
2018-05-13 18:50:38,587 [INFO] [main] o.s.w.s.mvc.method.annotation.RequestMappingHandlerMapping [Jdk14Logger.java : 99] Mapped "{[/sys/schedule/delete]}" onto public io.renren.common.utils.R io.renren.modules.job.controller.ScheduleJobController.delete(java.lang.Long[])
2018-05-13 18:50:38,588 [INFO] [main] o.s.w.s.mvc.method.annotation.RequestMappingHandlerMapping [Jdk14Logger.java : 99] Mapped "{[/sys/schedule/resume]}" onto public io.renren.common.utils.R io.renren.modules.job.controller.ScheduleJobController.resume(java.lang.Long[])
2018-05-13 18:50:38,589 [INFO] [main] o.s.w.s.mvc.method.annotation.RequestMappingHandlerMapping [Jdk14Logger.java : 99] Mapped "{[/sys/schedule/list]}" onto public io.renren.common.utils.R io.renren.modules.job.controller.ScheduleJobController.list(java.util.Map<java.lang.String, java.lang.Object>)
2018-05-13 18:50:38,589 [INFO] [main] o.s.w.s.mvc.method.annotation.RequestMappingHandlerMapping [Jdk14Logger.java : 99] Mapped "{[/sys/schedule/save]}" onto public io.renren.common.utils.R io.renren.modules.job.controller.ScheduleJobController.save(io.renren.modules.job.entity.ScheduleJobEntity)
2018-05-13 18:50:38,590 [INFO] [main] o.s.w.s.mvc.method.annotation.RequestMappingHandlerMapping [Jdk14Logger.java : 99] Mapped "{[/sys/schedule/info/{jobId}]}" onto public io.renren.common.utils.R io.renren.modules.job.controller.ScheduleJobController.info(java.lang.Long)
2018-05-13 18:50:38,591 [INFO] [main] o.s.w.s.mvc.method.annotation.RequestMappingHandlerMapping [Jdk14Logger.java : 99] Mapped "{[/sys/schedule/pause]}" onto public io.renren.common.utils.R io.renren.modules.job.controller.ScheduleJobController.pause(java.lang.Long[])
2018-05-13 18:50:38,599 [INFO] [main] o.s.w.s.mvc.method.annotation.RequestMappingHandlerMapping [Jdk14Logger.java : 99] Mapped "{[/sys/scheduleLog/list]}" onto public io.renren.common.utils.R io.renren.modules.job.controller.ScheduleJobLogController.list(java.util.Map<java.lang.String, java.lang.Object>)
2018-05-13 18:50:38,600 [INFO] [main] o.s.w.s.mvc.method.annotation.RequestMappingHandlerMapping [Jdk14Logger.java : 99] Mapped "{[/sys/scheduleLog/info/{logId}]}" onto public io.renren.common.utils.R io.renren.modules.job.controller.ScheduleJobLogController.info(java.lang.Long)
2018-05-13 18:50:38,603 [INFO] [main] o.s.w.s.mvc.method.annotation.RequestMappingHandlerMapping [Jdk14Logger.java : 99] Mapped "{[/sys/oss/delete]}" onto public io.renren.common.utils.R io.renren.modules.oss.controller.SysOssController.delete(java.lang.Long[])
2018-05-13 18:50:38,605 [INFO] [main] o.s.w.s.mvc.method.annotation.RequestMappingHandlerMapping [Jdk14Logger.java : 99] Mapped "{[/sys/oss/list]}" onto public io.renren.common.utils.R io.renren.modules.oss.controller.SysOssController.list(java.util.Map<java.lang.String, java.lang.Object>)
2018-05-13 18:50:38,607 [INFO] [main] o.s.w.s.mvc.method.annotation.RequestMappingHandlerMapping [Jdk14Logger.java : 99] Mapped "{[/sys/oss/config]}" onto public io.renren.common.utils.R io.renren.modules.oss.controller.SysOssController.config()
2018-05-13 18:50:38,608 [INFO] [main] o.s.w.s.mvc.method.annotation.RequestMappingHandlerMapping [Jdk14Logger.java : 99] Mapped "{[/sys/oss/upload]}" onto public io.renren.common.utils.R io.renren.modules.oss.controller.SysOssController.upload(org.springframework.web.multipart.MultipartFile) throws java.lang.Exception
2018-05-13 18:50:38,609 [INFO] [main] o.s.w.s.mvc.method.annotation.RequestMappingHandlerMapping [Jdk14Logger.java : 99] Mapped "{[/sys/oss/saveConfig]}" onto public io.renren.common.utils.R io.renren.modules.oss.controller.SysOssController.saveConfig(io.renren.modules.oss.cloud.CloudStorageConfig)
2018-05-13 18:50:38,613 [INFO] [main] o.s.w.s.mvc.method.annotation.RequestMappingHandlerMapping [Jdk14Logger.java : 99] Mapped "{[/sys/config/update]}" onto public io.renren.common.utils.R io.renren.modules.sys.controller.SysConfigController.update(io.renren.modules.sys.entity.SysConfigEntity)
2018-05-13 18:50:38,614 [INFO] [main] o.s.w.s.mvc.method.annotation.RequestMappingHandlerMapping [Jdk14Logger.java : 99] Mapped "{[/sys/config/delete]}" onto public io.renren.common.utils.R io.renren.modules.sys.controller.SysConfigController.delete(java.lang.Long[])
2018-05-13 18:50:38,614 [INFO] [main] o.s.w.s.mvc.method.annotation.RequestMappingHandlerMapping [Jdk14Logger.java : 99] Mapped "{[/sys/config/list]}" onto public io.renren.common.utils.R io.renren.modules.sys.controller.SysConfigController.list(java.util.Map<java.lang.String, java.lang.Object>)
2018-05-13 18:50:38,615 [INFO] [main] o.s.w.s.mvc.method.annotation.RequestMappingHandlerMapping [Jdk14Logger.java : 99] Mapped "{[/sys/config/save]}" onto public io.renren.common.utils.R io.renren.modules.sys.controller.SysConfigController.save(io.renren.modules.sys.entity.SysConfigEntity)
2018-05-13 18:50:38,615 [INFO] [main] o.s.w.s.mvc.method.annotation.RequestMappingHandlerMapping [Jdk14Logger.java : 99] Mapped "{[/sys/config/info/{id}]}" onto public io.renren.common.utils.R io.renren.modules.sys.controller.SysConfigController.info(java.lang.Long)
2018-05-13 18:50:38,617 [INFO] [main] o.s.w.s.mvc.method.annotation.RequestMappingHandlerMapping [Jdk14Logger.java : 99] Mapped "{[/sys/dept/update]}" onto public io.renren.common.utils.R io.renren.modules.sys.controller.SysDeptController.update(io.renren.modules.sys.entity.SysDeptEntity)
2018-05-13 18:50:38,618 [INFO] [main] o.s.w.s.mvc.method.annotation.RequestMappingHandlerMapping [Jdk14Logger.java : 99] Mapped "{[/sys/dept/delete]}" onto public io.renren.common.utils.R io.renren.modules.sys.controller.SysDeptController.delete(long)
2018-05-13 18:50:38,618 [INFO] [main] o.s.w.s.mvc.method.annotation.RequestMappingHandlerMapping [Jdk14Logger.java : 99] Mapped "{[/sys/dept/list]}" onto public java.util.List<io.renren.modules.sys.entity.SysDeptEntity> io.renren.modules.sys.controller.SysDeptController.list()
2018-05-13 18:50:38,619 [INFO] [main] o.s.w.s.mvc.method.annotation.RequestMappingHandlerMapping [Jdk14Logger.java : 99] Mapped "{[/sys/dept/save]}" onto public io.renren.common.utils.R io.renren.modules.sys.controller.SysDeptController.save(io.renren.modules.sys.entity.SysDeptEntity)
2018-05-13 18:50:38,619 [INFO] [main] o.s.w.s.mvc.method.annotation.RequestMappingHandlerMapping [Jdk14Logger.java : 99] Mapped "{[/sys/dept/select]}" onto public io.renren.common.utils.R io.renren.modules.sys.controller.SysDeptController.select()
2018-05-13 18:50:38,620 [INFO] [main] o.s.w.s.mvc.method.annotation.RequestMappingHandlerMapping [Jdk14Logger.java : 99] Mapped "{[/sys/dept/info/{deptId}]}" onto public io.renren.common.utils.R io.renren.modules.sys.controller.SysDeptController.info(java.lang.Long)
2018-05-13 18:50:38,620 [INFO] [main] o.s.w.s.mvc.method.annotation.RequestMappingHandlerMapping [Jdk14Logger.java : 99] Mapped "{[/sys/dept/info]}" onto public io.renren.common.utils.R io.renren.modules.sys.controller.SysDeptController.info()
2018-05-13 18:50:38,622 [INFO] [main] o.s.w.s.mvc.method.annotation.RequestMappingHandlerMapping [Jdk14Logger.java : 99] Mapped "{[/sys/dict/update]}" onto public io.renren.common.utils.R io.renren.modules.sys.controller.SysDictController.update(io.renren.modules.sys.entity.SysDictEntity)
2018-05-13 18:50:38,622 [INFO] [main] o.s.w.s.mvc.method.annotation.RequestMappingHandlerMapping [Jdk14Logger.java : 99] Mapped "{[/sys/dict/delete]}" onto public io.renren.common.utils.R io.renren.modules.sys.controller.SysDictController.delete(java.lang.Long[])
2018-05-13 18:50:38,623 [INFO] [main] o.s.w.s.mvc.method.annotation.RequestMappingHandlerMapping [Jdk14Logger.java : 99] Mapped "{[/sys/dict/list]}" onto public io.renren.common.utils.R io.renren.modules.sys.controller.SysDictController.list(java.util.Map<java.lang.String, java.lang.Object>)
2018-05-13 18:50:38,623 [INFO] [main] o.s.w.s.mvc.method.annotation.RequestMappingHandlerMapping [Jdk14Logger.java : 99] Mapped "{[/sys/dict/save]}" onto public io.renren.common.utils.R io.renren.modules.sys.controller.SysDictController.save(io.renren.modules.sys.entity.SysDictEntity)
2018-05-13 18:50:38,624 [INFO] [main] o.s.w.s.mvc.method.annotation.RequestMappingHandlerMapping [Jdk14Logger.java : 99] Mapped "{[/sys/dict/info/{id}]}" onto public io.renren.common.utils.R io.renren.modules.sys.controller.SysDictController.info(java.lang.Long)
2018-05-13 18:50:38,624 [INFO] [main] o.s.w.s.mvc.method.annotation.RequestMappingHandlerMapping [Jdk14Logger.java : 99] Mapped "{[/sys/dict/dictCache/{types}]}" onto public io.renren.common.utils.R io.renren.modules.sys.controller.SysDictController.dictList(java.lang.String)
2018-05-13 18:50:38,625 [INFO] [main] o.s.w.s.mvc.method.annotation.RequestMappingHandlerMapping [Jdk14Logger.java : 99] Mapped "{[/sys/log/list]}" onto public io.renren.common.utils.R io.renren.modules.sys.controller.SysLogController.list(java.util.Map<java.lang.String, java.lang.Object>)
2018-05-13 18:50:38,626 [INFO] [main] o.s.w.s.mvc.method.annotation.RequestMappingHandlerMapping [Jdk14Logger.java : 99] Mapped "{[/logout],methods=[GET]}" onto public java.lang.String io.renren.modules.sys.controller.SysLoginController.logout()
2018-05-13 18:50:38,626 [INFO] [main] o.s.w.s.mvc.method.annotation.RequestMappingHandlerMapping [Jdk14Logger.java : 99] Mapped "{[/captcha.jpg]}" onto public void io.renren.modules.sys.controller.SysLoginController.captcha(javax.servlet.http.HttpServletResponse) throws java.io.IOException
2018-05-13 18:50:38,627 [INFO] [main] o.s.w.s.mvc.method.annotation.RequestMappingHandlerMapping [Jdk14Logger.java : 99] Mapped "{[/sys/login],methods=[POST]}" onto public io.renren.common.utils.R io.renren.modules.sys.controller.SysLoginController.login(java.lang.String,java.lang.String,java.lang.String)
2018-05-13 18:50:38,628 [INFO] [main] o.s.w.s.mvc.method.annotation.RequestMappingHandlerMapping [Jdk14Logger.java : 99] Mapped "{[/sys/menu/update]}" onto public io.renren.common.utils.R io.renren.modules.sys.controller.SysMenuController.update(io.renren.modules.sys.entity.SysMenuEntity)
2018-05-13 18:50:38,629 [INFO] [main] o.s.w.s.mvc.method.annotation.RequestMappingHandlerMapping [Jdk14Logger.java : 99] Mapped "{[/sys/menu/delete]}" onto public io.renren.common.utils.R io.renren.modules.sys.controller.SysMenuController.delete(long)
2018-05-13 18:50:38,629 [INFO] [main] o.s.w.s.mvc.method.annotation.RequestMappingHandlerMapping [Jdk14Logger.java : 99] Mapped "{[/sys/menu/list]}" onto public java.util.List<io.renren.modules.sys.entity.SysMenuEntity> io.renren.modules.sys.controller.SysMenuController.list()
2018-05-13 18:50:38,630 [INFO] [main] o.s.w.s.mvc.method.annotation.RequestMappingHandlerMapping [Jdk14Logger.java : 99] Mapped "{[/sys/menu/save]}" onto public io.renren.common.utils.R io.renren.modules.sys.controller.SysMenuController.save(io.renren.modules.sys.entity.SysMenuEntity)
2018-05-13 18:50:38,630 [INFO] [main] o.s.w.s.mvc.method.annotation.RequestMappingHandlerMapping [Jdk14Logger.java : 99] Mapped "{[/sys/menu/select]}" onto public io.renren.common.utils.R io.renren.modules.sys.controller.SysMenuController.select()
2018-05-13 18:50:38,631 [INFO] [main] o.s.w.s.mvc.method.annotation.RequestMappingHandlerMapping [Jdk14Logger.java : 99] Mapped "{[/sys/menu/info/{menuId}]}" onto public io.renren.common.utils.R io.renren.modules.sys.controller.SysMenuController.info(java.lang.Long)
2018-05-13 18:50:38,632 [INFO] [main] o.s.w.s.mvc.method.annotation.RequestMappingHandlerMapping [Jdk14Logger.java : 99] Mapped "{[/sys/menu/nav]}" onto public io.renren.common.utils.R io.renren.modules.sys.controller.SysMenuController.nav()
2018-05-13 18:50:38,633 [INFO] [main] o.s.w.s.mvc.method.annotation.RequestMappingHandlerMapping [Jdk14Logger.java : 99] Mapped "{[/ || /index.html]}" onto public java.lang.String io.renren.modules.sys.controller.SysPageController.index()
2018-05-13 18:50:38,633 [INFO] [main] o.s.w.s.mvc.method.annotation.RequestMappingHandlerMapping [Jdk14Logger.java : 99] Mapped "{[/main.html]}" onto public java.lang.String io.renren.modules.sys.controller.SysPageController.main()
2018-05-13 18:50:38,634 [INFO] [main] o.s.w.s.mvc.method.annotation.RequestMappingHandlerMapping [Jdk14Logger.java : 99] Mapped "{[/index1.html]}" onto public java.lang.String io.renren.modules.sys.controller.SysPageController.index1()
2018-05-13 18:50:38,635 [INFO] [main] o.s.w.s.mvc.method.annotation.RequestMappingHandlerMapping [Jdk14Logger.java : 99] Mapped "{[/modules/{module}/{url}.html]}" onto public java.lang.String io.renren.modules.sys.controller.SysPageController.module(java.lang.String,java.lang.String)
2018-05-13 18:50:38,635 [INFO] [main] o.s.w.s.mvc.method.annotation.RequestMappingHandlerMapping [Jdk14Logger.java : 99] Mapped "{[/404.html]}" onto public java.lang.String io.renren.modules.sys.controller.SysPageController.notFound()
2018-05-13 18:50:38,635 [INFO] [main] o.s.w.s.mvc.method.annotation.RequestMappingHandlerMapping [Jdk14Logger.java : 99] Mapped "{[/login.html]}" onto public java.lang.String io.renren.modules.sys.controller.SysPageController.login()
2018-05-13 18:50:38,637 [INFO] [main] o.s.w.s.mvc.method.annotation.RequestMappingHandlerMapping [Jdk14Logger.java : 99] Mapped "{[/sys/role/update]}" onto public io.renren.common.utils.R io.renren.modules.sys.controller.SysRoleController.update(io.renren.modules.sys.entity.SysRoleEntity)
2018-05-13 18:50:38,637 [INFO] [main] o.s.w.s.mvc.method.annotation.RequestMappingHandlerMapping [Jdk14Logger.java : 99] Mapped "{[/sys/role/delete]}" onto public io.renren.common.utils.R io.renren.modules.sys.controller.SysRoleController.delete(java.lang.Long[])
2018-05-13 18:50:38,638 [INFO] [main] o.s.w.s.mvc.method.annotation.RequestMappingHandlerMapping [Jdk14Logger.java : 99] Mapped "{[/sys/role/list]}" onto public io.renren.common.utils.R io.renren.modules.sys.controller.SysRoleController.list(java.util.Map<java.lang.String, java.lang.Object>)
2018-05-13 18:50:38,639 [INFO] [main] o.s.w.s.mvc.method.annotation.RequestMappingHandlerMapping [Jdk14Logger.java : 99] Mapped "{[/sys/role/save]}" onto public io.renren.common.utils.R io.renren.modules.sys.controller.SysRoleController.save(io.renren.modules.sys.entity.SysRoleEntity)
2018-05-13 18:50:38,640 [INFO] [main] o.s.w.s.mvc.method.annotation.RequestMappingHandlerMapping [Jdk14Logger.java : 99] Mapped "{[/sys/role/select]}" onto public io.renren.common.utils.R io.renren.modules.sys.controller.SysRoleController.select()
2018-05-13 18:50:38,641 [INFO] [main] o.s.w.s.mvc.method.annotation.RequestMappingHandlerMapping [Jdk14Logger.java : 99] Mapped "{[/sys/role/info/{roleId}]}" onto public io.renren.common.utils.R io.renren.modules.sys.controller.SysRoleController.info(java.lang.Long)
2018-05-13 18:50:38,643 [INFO] [main] o.s.w.s.mvc.method.annotation.RequestMappingHandlerMapping [Jdk14Logger.java : 99] Mapped "{[/sys/user/update]}" onto public io.renren.common.utils.R io.renren.modules.sys.controller.SysUserController.update(io.renren.modules.sys.entity.SysUserEntity)
2018-05-13 18:50:38,644 [INFO] [main] o.s.w.s.mvc.method.annotation.RequestMappingHandlerMapping [Jdk14Logger.java : 99] Mapped "{[/sys/user/delete]}" onto public io.renren.common.utils.R io.renren.modules.sys.controller.SysUserController.delete(java.lang.Long[])
2018-05-13 18:50:38,645 [INFO] [main] o.s.w.s.mvc.method.annotation.RequestMappingHandlerMapping [Jdk14Logger.java : 99] Mapped "{[/sys/user/list]}" onto public io.renren.common.utils.R io.renren.modules.sys.controller.SysUserController.list(java.util.Map<java.lang.String, java.lang.Object>)
2018-05-13 18:50:38,645 [INFO] [main] o.s.w.s.mvc.method.annotation.RequestMappingHandlerMapping [Jdk14Logger.java : 99] Mapped "{[/sys/user/save]}" onto public io.renren.common.utils.R io.renren.modules.sys.controller.SysUserController.save(io.renren.modules.sys.entity.SysUserEntity)
2018-05-13 18:50:38,646 [INFO] [main] o.s.w.s.mvc.method.annotation.RequestMappingHandlerMapping [Jdk14Logger.java : 99] Mapped "{[/sys/user/info]}" onto public io.renren.common.utils.R io.renren.modules.sys.controller.SysUserController.info()
2018-05-13 18:50:38,647 [INFO] [main] o.s.w.s.mvc.method.annotation.RequestMappingHandlerMapping [Jdk14Logger.java : 99] Mapped "{[/sys/user/info/{userId}]}" onto public io.renren.common.utils.R io.renren.modules.sys.controller.SysUserController.info(java.lang.Long)
2018-05-13 18:50:38,648 [INFO] [main] o.s.w.s.mvc.method.annotation.RequestMappingHandlerMapping [Jdk14Logger.java : 99] Mapped "{[/sys/user/password]}" onto public io.renren.common.utils.R io.renren.modules.sys.controller.SysUserController.password(java.lang.String,java.lang.String)
2018-05-13 18:50:38,651 [INFO] [main] o.s.w.s.mvc.method.annotation.RequestMappingHandlerMapping [Jdk14Logger.java : 99] Mapped "{[/sys/user/passwordReset]}" onto public io.renren.common.utils.R io.renren.modules.sys.controller.SysUserController.passwordReset(java.lang.Long[])
2018-05-13 18:50:38,653 [INFO] [main] o.s.w.s.mvc.method.annotation.RequestMappingHandlerMapping [Jdk14Logger.java : 99] Mapped "{[/sys/tblperson/update]}" onto public io.renren.common.utils.R io.renren.modules.sys.controller.TblPersonController.update(io.renren.modules.sys.entity.TblPersonEntity)
2018-05-13 18:50:38,653 [INFO] [main] o.s.w.s.mvc.method.annotation.RequestMappingHandlerMapping [Jdk14Logger.java : 99] Mapped "{[/sys/tblperson/delete]}" onto public io.renren.common.utils.R io.renren.modules.sys.controller.TblPersonController.delete(java.lang.Integer[])
2018-05-13 18:50:38,654 [INFO] [main] o.s.w.s.mvc.method.annotation.RequestMappingHandlerMapping [Jdk14Logger.java : 99] Mapped "{[/sys/tblperson/list]}" onto public io.renren.common.utils.R io.renren.modules.sys.controller.TblPersonController.list(java.util.Map<java.lang.String, java.lang.Object>)
2018-05-13 18:50:38,654 [INFO] [main] o.s.w.s.mvc.method.annotation.RequestMappingHandlerMapping [Jdk14Logger.java : 99] Mapped "{[/sys/tblperson/save]}" onto public io.renren.common.utils.R io.renren.modules.sys.controller.TblPersonController.save(io.renren.modules.sys.entity.TblPersonEntity)
2018-05-13 18:50:38,676 [INFO] [main] o.s.w.s.mvc.method.annotation.RequestMappingHandlerMapping [Jdk14Logger.java : 99] Mapped "{[/sys/tblperson/info/{personId}]}" onto public io.renren.common.utils.R io.renren.modules.sys.controller.TblPersonController.info(java.lang.Integer)
2018-05-13 18:50:38,681 [INFO] [main] o.s.w.s.mvc.method.annotation.RequestMappingHandlerMapping [Jdk14Logger.java : 99] Mapped "{[/swagger-resources/configuration/ui]}" onto public org.springframework.http.ResponseEntity<springfox.documentation.swagger.web.UiConfiguration> springfox.documentation.swagger.web.ApiResourceController.uiConfiguration()
2018-05-13 18:50:38,682 [INFO] [main] o.s.w.s.mvc.method.annotation.RequestMappingHandlerMapping [Jdk14Logger.java : 99] Mapped "{[/swagger-resources]}" onto public org.springframework.http.ResponseEntity<java.util.List<springfox.documentation.swagger.web.SwaggerResource>> springfox.documentation.swagger.web.ApiResourceController.swaggerResources()
2018-05-13 18:50:38,684 [INFO] [main] o.s.w.s.mvc.method.annotation.RequestMappingHandlerMapping [Jdk14Logger.java : 99] Mapped "{[/swagger-resources/configuration/security]}" onto public org.springframework.http.ResponseEntity<springfox.documentation.swagger.web.SecurityConfiguration> springfox.documentation.swagger.web.ApiResourceController.securityConfiguration()
2018-05-13 18:50:38,687 [INFO] [main] o.s.w.s.mvc.method.annotation.RequestMappingHandlerMapping [Jdk14Logger.java : 99] Mapped "{[/error]}" onto public org.springframework.http.ResponseEntity<java.util.Map<java.lang.String, java.lang.Object>> org.springframework.boot.autoconfigure.web.servlet.error.BasicErrorController.error(javax.servlet.http.HttpServletRequest)
2018-05-13 18:50:38,688 [INFO] [main] o.s.w.s.mvc.method.annotation.RequestMappingHandlerMapping [Jdk14Logger.java : 99] Mapped "{[/error],produces=[text/html]}" onto public org.springframework.web.servlet.ModelAndView org.springframework.boot.autoconfigure.web.servlet.error.BasicErrorController.errorHtml(javax.servlet.http.HttpServletRequest,javax.servlet.http.HttpServletResponse)
2018-05-13 18:50:39,142 [INFO] [main] o.s.web.servlet.view.freemarker.FreeMarkerConfigurer [Jdk14Logger.java : 99] ClassTemplateLoader for Spring macros added to FreeMarker configuration
2018-05-13 18:50:39,187 [INFO] [main] s.d.spring.web.PropertySourcedRequestMappingHandlerMapping [Jdk14Logger.java : 99] Mapped URL path [/v2/api-docs] onto method [public org.springframework.http.ResponseEntity<springfox.documentation.spring.web.json.Json> springfox.documentation.swagger2.web.Swagger2Controller.getDocumentation(java.lang.String,javax.servlet.http.HttpServletRequest)]
2018-05-13 18:50:39,434 [INFO] [main] o.s.web.servlet.handler.SimpleUrlHandlerMapping [Jdk14Logger.java : 99] Mapped URL path [/**/favicon.ico] onto handler of type [class org.springframework.web.servlet.resource.ResourceHttpRequestHandler]
2018-05-13 18:50:39,928 [INFO] [main] o.s.w.s.mvc.method.annotation.RequestMappingHandlerAdapter [Jdk14Logger.java : 99] Looking for @ControllerAdvice: org.springframework.boot.web.servlet.context.AnnotationConfigServletWebServerApplicationContext@7748410a: startup date [Sun May 13 18:50:30 CST 2018]; root of context hierarchy
2018-05-13 18:50:40,075 [INFO] [main] o.s.web.servlet.handler.SimpleUrlHandlerMapping [Jdk14Logger.java : 99] Mapped URL path [/webjars/**] onto handler of type [class org.springframework.web.servlet.resource.ResourceHttpRequestHandler]
2018-05-13 18:50:40,075 [INFO] [main] o.s.web.servlet.handler.SimpleUrlHandlerMapping [Jdk14Logger.java : 99] Mapped URL path [/**] onto handler of type [class org.springframework.web.servlet.resource.ResourceHttpRequestHandler]
2018-05-13 18:50:40,076 [INFO] [main] o.s.web.servlet.handler.SimpleUrlHandlerMapping [Jdk14Logger.java : 99] Mapped URL path [/statics/**] onto handler of type [class org.springframework.web.servlet.resource.ResourceHttpRequestHandler]
2018-05-13 18:50:40,119 [INFO] [main] o.s.w.s.m.m.annotation.ExceptionHandlerExceptionResolver [Jdk14Logger.java : 99] Detected @ExceptionHandler methods in RRExceptionHandler
2018-05-13 18:50:40,301 [INFO] [main] o.s.boot.autoconfigure.web.servlet.WelcomePageHandlerMapping [Jdk14Logger.java : 99] Adding welcome page template: index
2018-05-13 18:50:41,059 [INFO] [main] o.s.jmx.export.annotation.AnnotationMBeanExporter [Jdk14Logger.java : 99] Registering beans for JMX exposure on startup
2018-05-13 18:50:41,061 [INFO] [main] o.s.jmx.export.annotation.AnnotationMBeanExporter [Jdk14Logger.java : 99] Bean with name 'firstDataSource' has been autodetected for JMX exposure
2018-05-13 18:50:41,061 [INFO] [main] o.s.jmx.export.annotation.AnnotationMBeanExporter [Jdk14Logger.java : 99] Bean with name 'secondDataSource' has been autodetected for JMX exposure
2018-05-13 18:50:41,061 [INFO] [main] o.s.jmx.export.annotation.AnnotationMBeanExporter [Jdk14Logger.java : 99] Bean with name 'statFilter' has been autodetected for JMX exposure
2018-05-13 18:50:41,068 [INFO] [main] o.s.jmx.export.annotation.AnnotationMBeanExporter [Jdk14Logger.java : 99] Located MBean 'firstDataSource': registering with JMX server as MBean [com.alibaba.druid.spring.boot.autoconfigure:name=firstDataSource,type=DruidDataSourceWrapper]
2018-05-13 18:50:41,069 [INFO] [main] o.s.jmx.export.annotation.AnnotationMBeanExporter [Jdk14Logger.java : 99] Located MBean 'secondDataSource': registering with JMX server as MBean [com.alibaba.druid.spring.boot.autoconfigure:name=secondDataSource,type=DruidDataSourceWrapper]
2018-05-13 18:50:41,072 [INFO] [main] o.s.jmx.export.annotation.AnnotationMBeanExporter [Jdk14Logger.java : 99] Located MBean 'statFilter': registering with JMX server as MBean [com.alibaba.druid.filter.stat:name=statFilter,type=StatFilter]
2018-05-13 18:50:41,078 [INFO] [main] o.springframework.context.support.DefaultLifecycleProcessor [Jdk14Logger.java : 99] Starting beans in phase 2147483647
2018-05-13 18:50:41,078 [INFO] [main] s.d.spring.web.plugins.DocumentationPluginsBootstrapper [DocumentationPluginsBootstrapper.java : 147] Context refreshed
2018-05-13 18:50:41,097 [INFO] [main] s.d.spring.web.plugins.DocumentationPluginsBootstrapper [DocumentationPluginsBootstrapper.java : 150] Found 1 custom documentation plugin(s)
2018-05-13 18:50:41,136 [INFO] [main] s.d.spring.web.scanners.ApiListingReferenceScanner [ApiListingReferenceScanner.java : 41] Scanning for api listing references
2018-05-13 18:50:41,151 [INFO] [main] org.springframework.scheduling.quartz.SchedulerFactoryBean [Jdk14Logger.java : 99] Will start Quartz Scheduler [RenrenScheduler] in 30 seconds
2018-05-13 18:50:41,469 [INFO] [main] org.springframework.boot.web.embedded.tomcat.TomcatWebServer [Jdk14Logger.java : 99] Tomcat started on port(s): 8080 (http) with context path '/renren-admin'
2018-05-13 18:50:41,475 [INFO] [main] io.renren.AdminApplication [Jdk14Logger.java : 99] Started AdminApplication in 12.65 seconds (JVM running for 14.734)
2018-05-13 18:50:41,500 [DEBUG] [main] io.renren.modules.sys.dao.SysDictDao.selectList [BaseJdbcLogger.java : 159] ==>  Preparing: SELECT id AS id,`name`,`type`,code,`value`,order_num AS orderNum,remark,del_flag AS delFlag FROM sys_dict WHERE del_flag=0 GROUP BY type 
2018-05-13 18:50:41,501 [DEBUG] [main] io.renren.modules.sys.dao.SysDictDao.selectList [BaseJdbcLogger.java : 159] ==> Parameters: 
2018-05-13 18:50:41,503 [DEBUG] [main] io.renren.modules.sys.dao.SysDictDao.selectList [BaseJdbcLogger.java : 159] <==      Total: 3
2018-05-13 18:50:41,507 [DEBUG] [main] io.renren.modules.sys.dao.SysDictDao.selectList [BaseJdbcLogger.java : 159] ==>  Preparing: SELECT id AS id,`name`,`type`,code,`value`,order_num AS orderNum,remark,del_flag AS delFlag FROM sys_dict WHERE del_flag=0 AND (type = ?) 
2018-05-13 18:50:41,507 [DEBUG] [main] io.renren.modules.sys.dao.SysDictDao.selectList [BaseJdbcLogger.java : 159] ==> Parameters: area(String)
2018-05-13 18:50:41,510 [DEBUG] [main] io.renren.modules.sys.dao.SysDictDao.selectList [BaseJdbcLogger.java : 159] <==      Total: 3
2018-05-13 18:50:41,514 [DEBUG] [main] io.renren.modules.sys.dao.SysDictDao.selectList [BaseJdbcLogger.java : 159] ==>  Preparing: SELECT id AS id,`name`,`type`,code,`value`,order_num AS orderNum,remark,del_flag AS delFlag FROM sys_dict WHERE del_flag=0 AND (type = ?) 
2018-05-13 18:50:41,514 [DEBUG] [main] io.renren.modules.sys.dao.SysDictDao.selectList [BaseJdbcLogger.java : 159] ==> Parameters: mz(String)
2018-05-13 18:50:41,517 [DEBUG] [main] io.renren.modules.sys.dao.SysDictDao.selectList [BaseJdbcLogger.java : 159] <==      Total: 3
2018-05-13 18:50:41,518 [DEBUG] [main] io.renren.modules.sys.dao.SysDictDao.selectList [BaseJdbcLogger.java : 159] ==>  Preparing: SELECT id AS id,`name`,`type`,code,`value`,order_num AS orderNum,remark,del_flag AS delFlag FROM sys_dict WHERE del_flag=0 AND (type = ?) 
2018-05-13 18:50:41,519 [DEBUG] [main] io.renren.modules.sys.dao.SysDictDao.selectList [BaseJdbcLogger.java : 159] ==> Parameters: sex(String)
2018-05-13 18:50:41,521 [DEBUG] [main] io.renren.modules.sys.dao.SysDictDao.selectList [BaseJdbcLogger.java : 159] <==      Total: 3
2018-05-13 18:50:48,672 [INFO] [http-nio-8080-exec-1] o.a.c.c.ContainerBase.[Tomcat].[localhost].[/renren-admin] [DirectJDKLog.java : 180] Initializing Spring FrameworkServlet 'dispatcherServlet'
2018-05-13 18:50:48,673 [INFO] [http-nio-8080-exec-1] org.springframework.web.servlet.DispatcherServlet [Jdk14Logger.java : 99] FrameworkServlet 'dispatcherServlet': initialization started
2018-05-13 18:50:48,805 [INFO] [http-nio-8080-exec-1] org.springframework.web.servlet.DispatcherServlet [Jdk14Logger.java : 99] FrameworkServlet 'dispatcherServlet': initialization completed in 131 ms
2018-05-13 18:50:48,909 [INFO] [http-nio-8080-exec-1] o.apache.shiro.session.mgt.AbstractValidatingSessionManager [AbstractValidatingSessionManager.java : 233] Enabling session validation scheduler...
2018-05-13 18:50:53,932 [DEBUG] [http-nio-8080-exec-14] io.renren.modules.sys.dao.SysUserDao.selectOne [BaseJdbcLogger.java : 159] ==>  Preparing: SELECT user_id AS userId,username,`password`,salt,email,mobile,`status`,create_time AS createTime,dept_id AS deptId FROM sys_user WHERE username=? 
2018-05-13 18:50:53,932 [DEBUG] [http-nio-8080-exec-14] io.renren.modules.sys.dao.SysUserDao.selectOne [BaseJdbcLogger.java : 159] ==> Parameters: admin(String)
2018-05-13 18:50:53,936 [DEBUG] [http-nio-8080-exec-14] io.renren.modules.sys.dao.SysUserDao.selectOne [BaseJdbcLogger.java : 159] <==      Total: 1
2018-05-13 18:50:54,317 [DEBUG] [http-nio-8080-exec-20] io.renren.modules.sys.dao.SysMenuDao.queryListParentId [BaseJdbcLogger.java : 159] ==>  Preparing: select * from sys_menu where parent_id = ? order by order_num asc 
2018-05-13 18:50:54,320 [DEBUG] [http-nio-8080-exec-20] io.renren.modules.sys.dao.SysMenuDao.queryListParentId [BaseJdbcLogger.java : 159] ==> Parameters: 0(Long)
2018-05-13 18:50:54,324 [DEBUG] [http-nio-8080-exec-20] io.renren.modules.sys.dao.SysMenuDao.queryListParentId [BaseJdbcLogger.java : 159] <==      Total: 2
2018-05-13 18:50:54,326 [DEBUG] [http-nio-8080-exec-20] io.renren.modules.sys.dao.SysMenuDao.queryListParentId [BaseJdbcLogger.java : 159] ==>  Preparing: select * from sys_menu where parent_id = ? order by order_num asc 
2018-05-13 18:50:54,327 [DEBUG] [http-nio-8080-exec-20] io.renren.modules.sys.dao.SysMenuDao.queryListParentId [BaseJdbcLogger.java : 159] ==> Parameters: 1(Long)
2018-05-13 18:50:54,329 [DEBUG] [http-nio-8080-exec-20] io.renren.modules.sys.dao.SysMenuDao.queryListParentId [BaseJdbcLogger.java : 159] <==      Total: 10
2018-05-13 18:50:54,330 [DEBUG] [http-nio-8080-exec-20] io.renren.modules.sys.dao.SysMenuDao.queryListParentId [BaseJdbcLogger.java : 159] ==>  Preparing: select * from sys_menu where parent_id = ? order by order_num asc 
2018-05-13 18:50:54,337 [DEBUG] [http-nio-8080-exec-20] io.renren.modules.sys.dao.SysMenuDao.queryListParentId [BaseJdbcLogger.java : 159] ==> Parameters: 41(Long)
2018-05-13 18:50:54,340 [DEBUG] [http-nio-8080-exec-20] io.renren.modules.sys.dao.SysMenuDao.queryListParentId [BaseJdbcLogger.java : 159] <==      Total: 1
2018-05-13 18:50:57,208 [DEBUG] [http-nio-8080-exec-24] io.renren.modules.sys.dao.SysMenuDao.selectList [BaseJdbcLogger.java : 159] ==>  Preparing: SELECT menu_id AS menuId,parent_id AS parentId,`name`,url,perms,`type`,icon,order_num AS orderNum FROM sys_menu 
2018-05-13 18:50:57,209 [DEBUG] [http-nio-8080-exec-24] io.renren.modules.sys.dao.SysMenuDao.selectList [BaseJdbcLogger.java : 159] ==> Parameters: 
2018-05-13 18:50:57,216 [DEBUG] [http-nio-8080-exec-24] io.renren.modules.sys.dao.SysMenuDao.selectList [BaseJdbcLogger.java : 159] <==      Total: 46
2018-05-13 18:50:57,220 [DEBUG] [http-nio-8080-exec-24] io.renren.modules.sys.dao.SysMenuDao.selectList [BaseJdbcLogger.java : 159] ==>  Preparing: SELECT menu_id AS menuId,parent_id AS parentId,`name`,url,perms,`type`,icon,order_num AS orderNum FROM sys_menu 
2018-05-13 18:50:57,221 [DEBUG] [http-nio-8080-exec-24] io.renren.modules.sys.dao.SysMenuDao.selectList [BaseJdbcLogger.java : 159] ==> Parameters: 
2018-05-13 18:50:57,225 [DEBUG] [http-nio-8080-exec-24] io.renren.modules.sys.dao.SysMenuDao.selectList [BaseJdbcLogger.java : 159] <==      Total: 46
2018-05-13 18:50:57,227 [DEBUG] [http-nio-8080-exec-24] io.renren.modules.sys.dao.SysMenuDao.selectList [BaseJdbcLogger.java : 159] ==>  Preparing: SELECT menu_id AS menuId,parent_id AS parentId,`name`,url,perms,`type`,icon,order_num AS orderNum FROM sys_menu 
2018-05-13 18:50:57,228 [DEBUG] [http-nio-8080-exec-24] io.renren.modules.sys.dao.SysMenuDao.selectList [BaseJdbcLogger.java : 159] ==> Parameters: 
2018-05-13 18:50:57,232 [DEBUG] [http-nio-8080-exec-24] io.renren.modules.sys.dao.SysMenuDao.selectList [BaseJdbcLogger.java : 159] <==      Total: 46
2018-05-13 18:50:57,396 [DEBUG] [http-nio-8080-exec-2] io.renren.modules.sys.dao.SysMenuDao.selectList [BaseJdbcLogger.java : 159] ==>  Preparing: SELECT menu_id AS menuId,parent_id AS parentId,`name`,url,perms,`type`,icon,order_num AS orderNum FROM sys_menu 
2018-05-13 18:50:57,397 [DEBUG] [http-nio-8080-exec-2] io.renren.modules.sys.dao.SysMenuDao.selectList [BaseJdbcLogger.java : 159] ==> Parameters: 
2018-05-13 18:50:57,401 [DEBUG] [http-nio-8080-exec-2] io.renren.modules.sys.dao.SysMenuDao.selectList [BaseJdbcLogger.java : 159] <==      Total: 46
2018-05-13 18:50:57,406 [DEBUG] [http-nio-8080-exec-2] io.renren.modules.sys.dao.SysMenuDao.selectList [BaseJdbcLogger.java : 159] ==>  Preparing: SELECT menu_id AS menuId,parent_id AS parentId,`name`,url,perms,`type`,icon,order_num AS orderNum FROM sys_menu 
2018-05-13 18:50:57,407 [DEBUG] [http-nio-8080-exec-2] io.renren.modules.sys.dao.SysMenuDao.selectList [BaseJdbcLogger.java : 159] ==> Parameters: 
2018-05-13 18:50:57,410 [DEBUG] [http-nio-8080-exec-2] io.renren.modules.sys.dao.SysMenuDao.selectList [BaseJdbcLogger.java : 159] <==      Total: 46
2018-05-13 18:50:57,475 [DEBUG] [http-nio-8080-exec-2] io.renren.modules.sys.dao.TblPersonDao.selectPage [BaseJdbcLogger.java : 159] ==>  Preparing: SELECT COUNT(1) FROM tbl_person 
2018-05-13 18:50:57,476 [DEBUG] [http-nio-8080-exec-2] io.renren.modules.sys.dao.TblPersonDao.selectPage [BaseJdbcLogger.java : 159] ==> Parameters: 
2018-05-13 18:50:57,482 [DEBUG] [http-nio-8080-exec-2] io.renren.modules.sys.dao.TblPersonDao.selectPage [BaseJdbcLogger.java : 159] ==>  Preparing: SELECT person_id AS personId,person_name AS personName,nationality,area,remark FROM tbl_person LIMIT 0,10 
2018-05-13 18:50:57,483 [DEBUG] [http-nio-8080-exec-2] io.renren.modules.sys.dao.TblPersonDao.selectPage [BaseJdbcLogger.java : 159] ==> Parameters: 
2018-05-13 18:50:57,485 [DEBUG] [http-nio-8080-exec-2] io.renren.modules.sys.dao.TblPersonDao.selectPage [BaseJdbcLogger.java : 159] <==      Total: 8
2018-05-13 18:50:57,489 [DEBUG] [http-nio-8080-exec-2] io.renren.modules.sys.dao.SysDictDao.selectList [BaseJdbcLogger.java : 159] ==>  Preparing: SELECT id AS id,`name`,`type`,code,`value`,order_num AS orderNum,remark,del_flag AS delFlag FROM sys_dict WHERE del_flag=0 AND (type = ? AND code = ?) 
2018-05-13 18:50:57,490 [DEBUG] [http-nio-8080-exec-2] io.renren.modules.sys.dao.SysDictDao.selectList [BaseJdbcLogger.java : 159] ==> Parameters: mz(String), 1(Integer)
2018-05-13 18:50:57,493 [DEBUG] [http-nio-8080-exec-2] io.renren.modules.sys.dao.SysDictDao.selectList [BaseJdbcLogger.java : 159] <==      Total: 1
2018-05-13 18:50:57,495 [DEBUG] [http-nio-8080-exec-2] io.renren.modules.sys.dao.SysDictDao.selectList [BaseJdbcLogger.java : 159] ==>  Preparing: SELECT id AS id,`name`,`type`,code,`value`,order_num AS orderNum,remark,del_flag AS delFlag FROM sys_dict WHERE del_flag=0 AND (type = ? AND code = ?) 
2018-05-13 18:50:57,496 [DEBUG] [http-nio-8080-exec-2] io.renren.modules.sys.dao.SysDictDao.selectList [BaseJdbcLogger.java : 159] ==> Parameters: mz(String), 1(Integer)
2018-05-13 18:50:57,497 [DEBUG] [http-nio-8080-exec-2] io.renren.modules.sys.dao.SysDictDao.selectList [BaseJdbcLogger.java : 159] <==      Total: 1
2018-05-13 18:50:57,499 [DEBUG] [http-nio-8080-exec-2] io.renren.modules.sys.dao.SysDictDao.selectList [BaseJdbcLogger.java : 159] ==>  Preparing: SELECT id AS id,`name`,`type`,code,`value`,order_num AS orderNum,remark,del_flag AS delFlag FROM sys_dict WHERE del_flag=0 AND (type = ? AND code = ?) 
2018-05-13 18:50:57,499 [DEBUG] [http-nio-8080-exec-2] io.renren.modules.sys.dao.SysDictDao.selectList [BaseJdbcLogger.java : 159] ==> Parameters: mz(String), 1(Integer)
2018-05-13 18:50:57,501 [DEBUG] [http-nio-8080-exec-2] io.renren.modules.sys.dao.SysDictDao.selectList [BaseJdbcLogger.java : 159] <==      Total: 1
2018-05-13 18:50:57,502 [DEBUG] [http-nio-8080-exec-2] io.renren.modules.sys.dao.SysDictDao.selectList [BaseJdbcLogger.java : 159] ==>  Preparing: SELECT id AS id,`name`,`type`,code,`value`,order_num AS orderNum,remark,del_flag AS delFlag FROM sys_dict WHERE del_flag=0 AND (type = ? AND code = ?) 
2018-05-13 18:50:57,502 [DEBUG] [http-nio-8080-exec-2] io.renren.modules.sys.dao.SysDictDao.selectList [BaseJdbcLogger.java : 159] ==> Parameters: mz(String), 1(Integer)
2018-05-13 18:50:57,505 [DEBUG] [http-nio-8080-exec-2] io.renren.modules.sys.dao.SysDictDao.selectList [BaseJdbcLogger.java : 159] <==      Total: 1
2018-05-13 18:50:57,507 [DEBUG] [http-nio-8080-exec-2] io.renren.modules.sys.dao.SysDictDao.selectList [BaseJdbcLogger.java : 159] ==>  Preparing: SELECT id AS id,`name`,`type`,code,`value`,order_num AS orderNum,remark,del_flag AS delFlag FROM sys_dict WHERE del_flag=0 AND (type = ? AND code = ?) 
2018-05-13 18:50:57,508 [DEBUG] [http-nio-8080-exec-2] io.renren.modules.sys.dao.SysDictDao.selectList [BaseJdbcLogger.java : 159] ==> Parameters: mz(String), 2(Integer)
2018-05-13 18:50:57,509 [DEBUG] [http-nio-8080-exec-2] io.renren.modules.sys.dao.SysDictDao.selectList [BaseJdbcLogger.java : 159] <==      Total: 1
2018-05-13 18:50:57,511 [DEBUG] [http-nio-8080-exec-2] io.renren.modules.sys.dao.SysDictDao.selectList [BaseJdbcLogger.java : 159] ==>  Preparing: SELECT id AS id,`name`,`type`,code,`value`,order_num AS orderNum,remark,del_flag AS delFlag FROM sys_dict WHERE del_flag=0 AND (type = ? AND code = ?) 
2018-05-13 18:50:57,511 [DEBUG] [http-nio-8080-exec-2] io.renren.modules.sys.dao.SysDictDao.selectList [BaseJdbcLogger.java : 159] ==> Parameters: mz(String), 1(Integer)
2018-05-13 18:50:57,512 [DEBUG] [http-nio-8080-exec-2] io.renren.modules.sys.dao.SysDictDao.selectList [BaseJdbcLogger.java : 159] <==      Total: 1
2018-05-13 18:50:57,514 [DEBUG] [http-nio-8080-exec-2] io.renren.modules.sys.dao.SysDictDao.selectList [BaseJdbcLogger.java : 159] ==>  Preparing: SELECT id AS id,`name`,`type`,code,`value`,order_num AS orderNum,remark,del_flag AS delFlag FROM sys_dict WHERE del_flag=0 AND (type = ? AND code = ?) 
2018-05-13 18:50:57,514 [DEBUG] [http-nio-8080-exec-2] io.renren.modules.sys.dao.SysDictDao.selectList [BaseJdbcLogger.java : 159] ==> Parameters: mz(String), 1(Integer)
2018-05-13 18:50:57,515 [DEBUG] [http-nio-8080-exec-2] io.renren.modules.sys.dao.SysDictDao.selectList [BaseJdbcLogger.java : 159] <==      Total: 1
2018-05-13 18:50:57,516 [DEBUG] [http-nio-8080-exec-2] io.renren.modules.sys.dao.SysDictDao.selectList [BaseJdbcLogger.java : 159] ==>  Preparing: SELECT id AS id,`name`,`type`,code,`value`,order_num AS orderNum,remark,del_flag AS delFlag FROM sys_dict WHERE del_flag=0 AND (type = ? AND code = ?) 
2018-05-13 18:50:57,517 [DEBUG] [http-nio-8080-exec-2] io.renren.modules.sys.dao.SysDictDao.selectList [BaseJdbcLogger.java : 159] ==> Parameters: mz(String), 1(Integer)
2018-05-13 18:50:57,518 [DEBUG] [http-nio-8080-exec-2] io.renren.modules.sys.dao.SysDictDao.selectList [BaseJdbcLogger.java : 159] <==      Total: 1
2018-05-13 18:50:57,519 [DEBUG] [http-nio-8080-exec-2] io.renren.modules.sys.dao.SysDictDao.selectList [BaseJdbcLogger.java : 159] ==>  Preparing: SELECT id AS id,`name`,`type`,code,`value`,order_num AS orderNum,remark,del_flag AS delFlag FROM sys_dict WHERE del_flag=0 AND (type = ? AND code = ?) 
2018-05-13 18:50:57,520 [DEBUG] [http-nio-8080-exec-2] io.renren.modules.sys.dao.SysDictDao.selectList [BaseJdbcLogger.java : 159] ==> Parameters: area(String), 3(Integer)
2018-05-13 18:50:57,521 [DEBUG] [http-nio-8080-exec-2] io.renren.modules.sys.dao.SysDictDao.selectList [BaseJdbcLogger.java : 159] <==      Total: 1
2018-05-13 18:50:57,521 [DEBUG] [http-nio-8080-exec-2] io.renren.modules.sys.dao.SysDictDao.selectList [BaseJdbcLogger.java : 159] ==>  Preparing: SELECT id AS id,`name`,`type`,code,`value`,order_num AS orderNum,remark,del_flag AS delFlag FROM sys_dict WHERE del_flag=0 AND (type = ? AND code = ?) 
2018-05-13 18:50:57,522 [DEBUG] [http-nio-8080-exec-2] io.renren.modules.sys.dao.SysDictDao.selectList [BaseJdbcLogger.java : 159] ==> Parameters: area(String), 1(Integer)
2018-05-13 18:50:57,523 [DEBUG] [http-nio-8080-exec-2] io.renren.modules.sys.dao.SysDictDao.selectList [BaseJdbcLogger.java : 159] <==      Total: 1
2018-05-13 18:50:57,524 [DEBUG] [http-nio-8080-exec-2] io.renren.modules.sys.dao.SysDictDao.selectList [BaseJdbcLogger.java : 159] ==>  Preparing: SELECT id AS id,`name`,`type`,code,`value`,order_num AS orderNum,remark,del_flag AS delFlag FROM sys_dict WHERE del_flag=0 AND (type = ? AND code = ?) 
2018-05-13 18:50:57,525 [DEBUG] [http-nio-8080-exec-2] io.renren.modules.sys.dao.SysDictDao.selectList [BaseJdbcLogger.java : 159] ==> Parameters: area(String), 2(Integer)
2018-05-13 18:50:57,526 [DEBUG] [http-nio-8080-exec-2] io.renren.modules.sys.dao.SysDictDao.selectList [BaseJdbcLogger.java : 159] <==      Total: 1
2018-05-13 18:50:57,527 [DEBUG] [http-nio-8080-exec-2] io.renren.modules.sys.dao.SysDictDao.selectList [BaseJdbcLogger.java : 159] ==>  Preparing: SELECT id AS id,`name`,`type`,code,`value`,order_num AS orderNum,remark,del_flag AS delFlag FROM sys_dict WHERE del_flag=0 AND (type = ? AND code = ?) 
2018-05-13 18:50:57,528 [DEBUG] [http-nio-8080-exec-2] io.renren.modules.sys.dao.SysDictDao.selectList [BaseJdbcLogger.java : 159] ==> Parameters: area(String), 1(Integer)
2018-05-13 18:50:57,529 [DEBUG] [http-nio-8080-exec-2] io.renren.modules.sys.dao.SysDictDao.selectList [BaseJdbcLogger.java : 159] <==      Total: 1
2018-05-13 18:50:57,531 [DEBUG] [http-nio-8080-exec-2] io.renren.modules.sys.dao.SysDictDao.selectList [BaseJdbcLogger.java : 159] ==>  Preparing: SELECT id AS id,`name`,`type`,code,`value`,order_num AS orderNum,remark,del_flag AS delFlag FROM sys_dict WHERE del_flag=0 AND (type = ? AND code = ?) 
2018-05-13 18:50:57,531 [DEBUG] [http-nio-8080-exec-2] io.renren.modules.sys.dao.SysDictDao.selectList [BaseJdbcLogger.java : 159] ==> Parameters: area(String), 1(Integer)
2018-05-13 18:50:57,532 [DEBUG] [http-nio-8080-exec-2] io.renren.modules.sys.dao.SysDictDao.selectList [BaseJdbcLogger.java : 159] <==      Total: 1
2018-05-13 18:50:57,533 [DEBUG] [http-nio-8080-exec-2] io.renren.modules.sys.dao.SysDictDao.selectList [BaseJdbcLogger.java : 159] ==>  Preparing: SELECT id AS id,`name`,`type`,code,`value`,order_num AS orderNum,remark,del_flag AS delFlag FROM sys_dict WHERE del_flag=0 AND (type = ? AND code = ?) 
2018-05-13 18:50:57,534 [DEBUG] [http-nio-8080-exec-2] io.renren.modules.sys.dao.SysDictDao.selectList [BaseJdbcLogger.java : 159] ==> Parameters: area(String), 1(Integer)
2018-05-13 18:50:57,535 [DEBUG] [http-nio-8080-exec-2] io.renren.modules.sys.dao.SysDictDao.selectList [BaseJdbcLogger.java : 159] <==      Total: 1
2018-05-13 18:50:57,536 [DEBUG] [http-nio-8080-exec-2] io.renren.modules.sys.dao.SysDictDao.selectList [BaseJdbcLogger.java : 159] ==>  Preparing: SELECT id AS id,`name`,`type`,code,`value`,order_num AS orderNum,remark,del_flag AS delFlag FROM sys_dict WHERE del_flag=0 AND (type = ? AND code = ?) 
2018-05-13 18:50:57,536 [DEBUG] [http-nio-8080-exec-2] io.renren.modules.sys.dao.SysDictDao.selectList [BaseJdbcLogger.java : 159] ==> Parameters: area(String), 1(Integer)
2018-05-13 18:50:57,537 [DEBUG] [http-nio-8080-exec-2] io.renren.modules.sys.dao.SysDictDao.selectList [BaseJdbcLogger.java : 159] <==      Total: 1
2018-05-13 18:50:57,538 [DEBUG] [http-nio-8080-exec-2] io.renren.modules.sys.dao.SysDictDao.selectList [BaseJdbcLogger.java : 159] ==>  Preparing: SELECT id AS id,`name`,`type`,code,`value`,order_num AS orderNum,remark,del_flag AS delFlag FROM sys_dict WHERE del_flag=0 AND (type = ? AND code = ?) 
2018-05-13 18:50:57,539 [DEBUG] [http-nio-8080-exec-2] io.renren.modules.sys.dao.SysDictDao.selectList [BaseJdbcLogger.java : 159] ==> Parameters: area(String), 2(Integer)
2018-05-13 18:50:57,540 [DEBUG] [http-nio-8080-exec-2] io.renren.modules.sys.dao.SysDictDao.selectList [BaseJdbcLogger.java : 159] <==      Total: 1
2018-05-13 18:50:57,541 [DEBUG] [http-nio-8080-exec-2] io.renren.modules.sys.dao.TblPersonDao.queryPersonList [BaseJdbcLogger.java : 159] ==>  Preparing: select p.*, d1.name as areaName, d2.name as nationalityName from tbl_person p left join sys_dict d1 on d1.code = p.area and d1.type = 'area' left join sys_dict d2 on d2.code = p.nationality and d2.type = 'mz' 
2018-05-13 18:50:57,542 [DEBUG] [http-nio-8080-exec-2] io.renren.modules.sys.dao.TblPersonDao.queryPersonList [BaseJdbcLogger.java : 159] ==> Parameters: 
2018-05-13 18:50:57,544 [DEBUG] [http-nio-8080-exec-2] io.renren.modules.sys.dao.TblPersonDao.queryPersonList [BaseJdbcLogger.java : 159] <==      Total: 8
2018-05-13 18:50:58,569 [DEBUG] [http-nio-8080-exec-7] io.renren.modules.sys.dao.SysMenuDao.selectList [BaseJdbcLogger.java : 159] ==>  Preparing: SELECT menu_id AS menuId,parent_id AS parentId,`name`,url,perms,`type`,icon,order_num AS orderNum FROM sys_menu 
2018-05-13 18:50:58,570 [DEBUG] [http-nio-8080-exec-7] io.renren.modules.sys.dao.SysMenuDao.selectList [BaseJdbcLogger.java : 159] ==> Parameters: 
2018-05-13 18:50:58,577 [DEBUG] [http-nio-8080-exec-7] io.renren.modules.sys.dao.SysMenuDao.selectList [BaseJdbcLogger.java : 159] <==      Total: 46
2018-05-13 18:50:58,579 [DEBUG] [http-nio-8080-exec-7] io.renren.modules.sys.dao.SysMenuDao.selectList [BaseJdbcLogger.java : 159] ==>  Preparing: SELECT menu_id AS menuId,parent_id AS parentId,`name`,url,perms,`type`,icon,order_num AS orderNum FROM sys_menu 
2018-05-13 18:50:58,579 [DEBUG] [http-nio-8080-exec-7] io.renren.modules.sys.dao.SysMenuDao.selectList [BaseJdbcLogger.java : 159] ==> Parameters: 
2018-05-13 18:50:58,581 [DEBUG] [http-nio-8080-exec-7] io.renren.modules.sys.dao.SysMenuDao.selectList [BaseJdbcLogger.java : 159] <==      Total: 46
2018-05-13 18:50:58,583 [DEBUG] [http-nio-8080-exec-7] io.renren.modules.sys.dao.SysMenuDao.selectList [BaseJdbcLogger.java : 159] ==>  Preparing: SELECT menu_id AS menuId,parent_id AS parentId,`name`,url,perms,`type`,icon,order_num AS orderNum FROM sys_menu 
2018-05-13 18:50:58,583 [DEBUG] [http-nio-8080-exec-7] io.renren.modules.sys.dao.SysMenuDao.selectList [BaseJdbcLogger.java : 159] ==> Parameters: 
2018-05-13 18:50:58,586 [DEBUG] [http-nio-8080-exec-7] io.renren.modules.sys.dao.SysMenuDao.selectList [BaseJdbcLogger.java : 159] <==      Total: 46
2018-05-13 18:50:58,587 [DEBUG] [http-nio-8080-exec-7] io.renren.modules.sys.dao.SysMenuDao.selectList [BaseJdbcLogger.java : 159] ==>  Preparing: SELECT menu_id AS menuId,parent_id AS parentId,`name`,url,perms,`type`,icon,order_num AS orderNum FROM sys_menu 
2018-05-13 18:50:58,587 [DEBUG] [http-nio-8080-exec-7] io.renren.modules.sys.dao.SysMenuDao.selectList [BaseJdbcLogger.java : 159] ==> Parameters: 
2018-05-13 18:50:58,589 [DEBUG] [http-nio-8080-exec-7] io.renren.modules.sys.dao.SysMenuDao.selectList [BaseJdbcLogger.java : 159] <==      Total: 46
2018-05-13 18:50:58,724 [DEBUG] [http-nio-8080-exec-8] io.renren.modules.sys.dao.SysMenuDao.selectList [BaseJdbcLogger.java : 159] ==>  Preparing: SELECT menu_id AS menuId,parent_id AS parentId,`name`,url,perms,`type`,icon,order_num AS orderNum FROM sys_menu 
2018-05-13 18:50:58,725 [DEBUG] [http-nio-8080-exec-8] io.renren.modules.sys.dao.SysMenuDao.selectList [BaseJdbcLogger.java : 159] ==> Parameters: 
2018-05-13 18:50:58,728 [DEBUG] [http-nio-8080-exec-8] io.renren.modules.sys.dao.SysMenuDao.selectList [BaseJdbcLogger.java : 159] <==      Total: 46
2018-05-13 18:50:58,730 [DEBUG] [http-nio-8080-exec-8] io.renren.modules.sys.dao.SysMenuDao.selectList [BaseJdbcLogger.java : 159] ==>  Preparing: SELECT menu_id AS menuId,parent_id AS parentId,`name`,url,perms,`type`,icon,order_num AS orderNum FROM sys_menu 
2018-05-13 18:50:58,731 [DEBUG] [http-nio-8080-exec-8] io.renren.modules.sys.dao.SysMenuDao.selectList [BaseJdbcLogger.java : 159] ==> Parameters: 
2018-05-13 18:50:58,733 [DEBUG] [http-nio-8080-exec-8] io.renren.modules.sys.dao.SysMenuDao.selectList [BaseJdbcLogger.java : 159] <==      Total: 46
2018-05-13 18:50:58,753 [DEBUG] [http-nio-8080-exec-8] io.renren.modules.sys.dao.SysUserDao.selectPage [BaseJdbcLogger.java : 159] ==>  Preparing: SELECT COUNT(1) FROM sys_user 
2018-05-13 18:50:58,754 [DEBUG] [http-nio-8080-exec-8] io.renren.modules.sys.dao.SysUserDao.selectPage [BaseJdbcLogger.java : 159] ==> Parameters: 
2018-05-13 18:50:58,756 [DEBUG] [http-nio-8080-exec-8] io.renren.modules.sys.dao.SysUserDao.selectPage [BaseJdbcLogger.java : 159] ==>  Preparing: SELECT user_id AS userId,username,`password`,salt,email,mobile,`status`,create_time AS createTime,dept_id AS deptId FROM sys_user LIMIT 0,10 
2018-05-13 18:50:58,757 [DEBUG] [http-nio-8080-exec-8] io.renren.modules.sys.dao.SysUserDao.selectPage [BaseJdbcLogger.java : 159] ==> Parameters: 
2018-05-13 18:50:58,759 [DEBUG] [http-nio-8080-exec-8] io.renren.modules.sys.dao.SysUserDao.selectPage [BaseJdbcLogger.java : 159] <==      Total: 3
2018-05-13 18:50:58,766 [DEBUG] [http-nio-8080-exec-8] io.renren.modules.sys.dao.SysDeptDao.selectById [BaseJdbcLogger.java : 159] ==>  Preparing: SELECT dept_id AS deptId,parent_id AS parentId,`name`,order_num AS orderNum,del_flag AS delFlag FROM sys_dept WHERE dept_id=? AND del_flag=0 
2018-05-13 18:50:58,767 [DEBUG] [http-nio-8080-exec-8] io.renren.modules.sys.dao.SysDeptDao.selectById [BaseJdbcLogger.java : 159] ==> Parameters: 1(Long)
2018-05-13 18:50:58,769 [DEBUG] [http-nio-8080-exec-8] io.renren.modules.sys.dao.SysDeptDao.selectById [BaseJdbcLogger.java : 159] <==      Total: 1
2018-05-13 18:50:58,771 [DEBUG] [http-nio-8080-exec-8] io.renren.modules.sys.dao.SysDeptDao.selectById [BaseJdbcLogger.java : 159] ==>  Preparing: SELECT dept_id AS deptId,parent_id AS parentId,`name`,order_num AS orderNum,del_flag AS delFlag FROM sys_dept WHERE dept_id=? AND del_flag=0 
2018-05-13 18:50:58,771 [DEBUG] [http-nio-8080-exec-8] io.renren.modules.sys.dao.SysDeptDao.selectById [BaseJdbcLogger.java : 159] ==> Parameters: 4(Long)
2018-05-13 18:50:58,773 [DEBUG] [http-nio-8080-exec-8] io.renren.modules.sys.dao.SysDeptDao.selectById [BaseJdbcLogger.java : 159] <==      Total: 1
2018-05-13 18:50:58,774 [DEBUG] [http-nio-8080-exec-8] io.renren.modules.sys.dao.SysDeptDao.selectById [BaseJdbcLogger.java : 159] ==>  Preparing: SELECT dept_id AS deptId,parent_id AS parentId,`name`,order_num AS orderNum,del_flag AS delFlag FROM sys_dept WHERE dept_id=? AND del_flag=0 
2018-05-13 18:50:58,775 [DEBUG] [http-nio-8080-exec-8] io.renren.modules.sys.dao.SysDeptDao.selectById [BaseJdbcLogger.java : 159] ==> Parameters: 5(Long)
2018-05-13 18:50:58,776 [DEBUG] [http-nio-8080-exec-8] io.renren.modules.sys.dao.SysDeptDao.selectById [BaseJdbcLogger.java : 159] <==      Total: 1
2018-05-13 18:51:11,152 [INFO] [Quartz Scheduler [RenrenScheduler]] org.springframework.scheduling.quartz.SchedulerFactoryBean [Jdk14Logger.java : 99] Starting Quartz Scheduler now, after delay of 30 seconds
2018-05-13 18:51:11,159 [INFO] [Quartz Scheduler [RenrenScheduler]] o.springframework.scheduling.quartz.LocalDataSourceJobStore [JobStoreSupport.java : 3629] ClusterManager: detected 1 failed or restarted instances.
2018-05-13 18:51:11,159 [INFO] [Quartz Scheduler [RenrenScheduler]] o.springframework.scheduling.quartz.LocalDataSourceJobStore [JobStoreSupport.java : 3488] ClusterManager: Scanning for instance "zhoujy-PC1526198842843"'s failed in-progress jobs.
2018-05-13 18:51:11,168 [INFO] [Quartz Scheduler [RenrenScheduler]] org.quartz.core.QuartzScheduler [QuartzScheduler.java : 547] Scheduler RenrenScheduler_$_zhoujy-PC1526208637123 started.
2018-05-13 18:51:11,173 [INFO] [QuartzScheduler_RenrenScheduler-zhoujy-PC1526208637123_MisfireHandler] o.springframework.scheduling.quartz.LocalDataSourceJobStore [JobStoreSupport.java : 968] Handling the first 1 triggers that missed their scheduled fire-time.  More misfired triggers remain to be processed.
2018-05-13 18:51:11,235 [INFO] [QuartzScheduler_RenrenScheduler-zhoujy-PC1526208637123_MisfireHandler] o.springframework.scheduling.quartz.LocalDataSourceJobStore [JobStoreSupport.java : 973] Handling 1 trigger(s) that missed their scheduled fire-time.
